<?xml version="1.0" encoding="UTF-8"?>
<testng-results ignored="2" total="4" passed="2" failed="0" skipped="0">
  <reporter-output>
  </reporter-output>
  <suite started-at="2026-03-10T16:01:43 IST" name="Suite" finished-at="2026-03-10T16:01:52 IST" duration-ms="9194">
    <groups>
      <group name="system">
        <method signature="Groups.create()[pri:0, instance:TestNG.Groups@2f4948e4]" name="create" class="TestNG.Groups"/>
        <method signature="Groups.login()[pri:0, instance:TestNG.Groups@2f4948e4]" name="login" class="TestNG.Groups"/>
      </group> <!-- system -->
    </groups>
    <test started-at="2026-03-10T16:01:43 IST" name="Test" finished-at="2026-03-10T16:01:52 IST" duration-ms="9194">
      <class name="TestNG.Groups">
        <test-method signature="login()[pri:0, instance:TestNG.Groups@2f4948e4]" started-at="2026-03-10T16:01:43 IST" name="login" finished-at="2026-03-10T16:01:50 IST" duration-ms="6936" status="PASS">
          <reporter-output>
          </reporter-output>
        </test-method> <!-- login -->
        <test-method signature="create()[pri:0, instance:TestNG.Groups@2f4948e4]" started-at="2026-03-10T16:01:43 IST" name="create" finished-at="2026-03-10T16:01:52 IST" duration-ms="9126" status="PASS">
          <reporter-output>
          </reporter-output>
        </test-method> <!-- create -->
      </class> <!-- TestNG.Groups -->
    </test> <!-- Test -->
  </suite> <!-- Suite -->
</testng-results>
