<?xml version="1.0" encoding="UTF-8"?>
<testng-results ignored="0" total="1" passed="1" failed="0" skipped="0">
  <reporter-output>
  </reporter-output>
  <suite started-at="2026-03-10T15:21:09 IST" name="Suite" finished-at="2026-03-10T15:21:20 IST" duration-ms="11391">
    <groups>
    </groups>
    <test started-at="2026-03-10T15:21:09 IST" name="Test" finished-at="2026-03-10T15:21:20 IST" duration-ms="11391">
      <class name="TestNG.ParameterEx">
        <test-method signature="login(java.lang.String,java.lang.String)[pri:0, instance:TestNG.ParameterEx@6150c3ec]" started-at="2026-03-10T15:21:09 IST" name="login" finished-at="2026-03-10T15:21:20 IST" duration-ms="11309" status="PASS">
          <params>
            <param index="0">
              <value>
                <![CDATA[qspiders2596@gmail.com]]>
              </value>
            </param>
            <param index="1">
              <value>
                <![CDATA[Qsp@1234]]>
              </value>
            </param>
          </params>
          <reporter-output>
          </reporter-output>
        </test-method> <!-- login -->
      </class> <!-- TestNG.ParameterEx -->
    </test> <!-- Test -->
  </suite> <!-- Suite -->
</testng-results>
