<?xml version="1.0" encoding="UTF-8"?>
<!-- Generated by org.testng.reporters.JUnitXMLReporter -->
<testsuite ignored="2" hostname="QSpiders" failures="0" tests="2" name="Test" time="9.194" errors="0" timestamp="2026-03-10T16:01:52 IST">
  <testcase classname="TestNG.Groups" name="login" time="6.936"/>
  <testcase classname="TestNG.Groups" name="create" time="9.126"/>
  <testcase classname="TestNG.Groups" name="logOut" time="0.0">
    <ignored/>
  </testcase> <!-- logOut -->
  <testcase classname="TestNG.Groups" name="delete" time="0.0">
    <ignored/>
  </testcase> <!-- delete -->
</testsuite> <!-- Test -->
