<?xml version="1.0" encoding="UTF-8"?>
<!-- Generated by org.testng.reporters.JUnitReportReporter -->
<testsuite hostname="QSpiders" failures="0" tests="3" name="TestNG.CrossBrowserExecution" time="58.267" errors="0" timestamp="2026-03-10T15:54:38 IST" skipped="0">
  <testcase classname="TestNG.CrossBrowserExecution" name="cross" time="18.809"/>
  <testcase classname="TestNG.CrossBrowserExecution" name="cross" time="18.455"/>
  <testcase classname="TestNG.CrossBrowserExecution" name="cross" time="21.003"/>
</testsuite> <!-- TestNG.CrossBrowserExecution -->
