<?xml version="1.0" encoding="UTF-8"?>
<!-- Generated by org.testng.reporters.JUnitReportReporter -->
<testsuite hostname="QSpiders" failures="0" tests="7" name="TestNG.Demo" time="96.192" errors="0" timestamp="2026-03-09T14:34:43 IST" skipped="0">
  <testcase classname="TestNG.Demo" name="create" time="17.440"/>
  <testcase classname="TestNG.Demo" name="login" time="5.306"/>
  <testcase classname="TestNG.Demo" name="login" time="5.754"/>
  <testcase classname="TestNG.Demo" name="login" time="5.846"/>
  <testcase classname="TestNG.Demo" name="login" time="7.378"/>
  <testcase classname="TestNG.Demo" name="login" time="11.099"/>
  <testcase classname="TestNG.Demo" name="delete" time="43.369"/>
</testsuite> <!-- TestNG.Demo -->
