<?xml version="1.0" encoding="UTF-8"?>
<!-- Generated by org.testng.reporters.JUnitReportReporter -->
<testsuite hostname="QSpiders" failures="0" tests="5" name="TestNG.TestCase_parallel" time="85.320" errors="0" timestamp="2026-03-10T14:55:55 IST" skipped="0">
  <testcase classname="TestNG.TestCase_parallel" name="whatsapp" time="17.090"/>
  <testcase classname="TestNG.TestCase_parallel" name="whatsapp" time="17.141"/>
  <testcase classname="TestNG.TestCase_parallel" name="whatsapp" time="16.771"/>
  <testcase classname="TestNG.TestCase_parallel" name="whatsapp" time="17.132"/>
  <testcase classname="TestNG.TestCase_parallel" name="whatsapp" time="17.186"/>
</testsuite> <!-- TestNG.TestCase_parallel -->
